<?xml version="1.0" encoding="UTF-8"?>
<robot generator="Robot 7.0 (Python 3.12.2 on win32)" generated="2024-12-10T11:06:53.320640" rpa="false" schemaversion="5">
<suite id="s1" name="Login" source="c:\Users\ge056758\Desktop\Particular\Alura\H3C\Login.robot">
<test id="s1-t1" name="Verificar se ao preencher corretamente usuário e senha na página de login o switch é acessado" line="9">
<kw name="Dado que eu acesse a pagina de login do Switch">
<kw name="Open Browser" owner="SeleniumLibrary">
<msg time="2024-12-10T11:06:53.537162" level="INFO">Opening browser 'Chrome' to base url 'https://10.100.26.35/'.</msg>
<arg>url=https://10.100.26.35/</arg>
<arg>browser=Chrome</arg>
<doc>Opens a new browser instance to the optional ``url``.</doc>
<status status="PASS" start="2024-12-10T11:06:53.537162" elapsed="2.513519"/>
</kw>
<kw name="Click Button" owner="SeleniumLibrary">
<msg time="2024-12-10T11:06:56.051681" level="INFO">Clicking button 'id=details-button'.</msg>
<arg>id=details-button</arg>
<doc>Clicks the button identified by ``locator``.</doc>
<status status="PASS" start="2024-12-10T11:06:56.051681" elapsed="0.112359"/>
</kw>
<kw name="Click Element" owner="SeleniumLibrary">
<msg time="2024-12-10T11:06:56.164549" level="INFO">Clicking element 'id=proceed-link'.</msg>
<arg>id=proceed-link</arg>
<doc>Click the element identified by ``locator``.</doc>
<status status="PASS" start="2024-12-10T11:06:56.164549" elapsed="0.314677"/>
</kw>
<kw name="Sleep" owner="BuiltIn">
<msg time="2024-12-10T11:06:59.480387" level="INFO">Slept 3 seconds.</msg>
<arg>3</arg>
<doc>Pauses the test executed for the given time.</doc>
<status status="PASS" start="2024-12-10T11:06:56.479226" elapsed="3.001161"/>
</kw>
<status status="PASS" start="2024-12-10T11:06:53.537162" elapsed="5.943225"/>
</kw>
<kw name="E preencha usuario e senha corretamente">
<kw name="Input Text" owner="SeleniumLibrary">
<msg time="2024-12-10T11:06:59.480387" level="INFO">Typing text 'admin' into text field 'id=user_name'.</msg>
<arg>id=user_name</arg>
<arg>admin</arg>
<doc>Types the given ``text`` into the text field identified by ``locator``.</doc>
<status status="PASS" start="2024-12-10T11:06:59.480387" elapsed="0.086164"/>
</kw>
<kw name="Input Password" owner="SeleniumLibrary">
<msg time="2024-12-10T11:06:59.566551" level="INFO">Typing password into text field 'id=password'.</msg>
<msg time="2024-12-10T11:06:59.598469" level="INFO">Temporally setting log level to: NONE</msg>
<arg>id=password</arg>
<arg>INtelbras@@12</arg>
<doc>Types the given password into the text field identified by ``locator``.</doc>
<status status="PASS" start="2024-12-10T11:06:59.566551" elapsed="0.098690"/>
</kw>
<kw name="Sleep" owner="BuiltIn">
<msg time="2024-12-10T11:07:02.665543" level="INFO">Slept 3 seconds.</msg>
<arg>3</arg>
<doc>Pauses the test executed for the given time.</doc>
<status status="PASS" start="2024-12-10T11:06:59.665241" elapsed="3.000302"/>
</kw>
<status status="PASS" start="2024-12-10T11:06:59.480387" elapsed="3.185156"/>
</kw>
<kw name="E concorde com a política de privacidade e termos de uso">
<kw name="Click Element" owner="SeleniumLibrary">
<msg time="2024-12-10T11:07:02.667039" level="INFO">Clicking element 'id=Privacy_policy'.</msg>
<arg>id=Privacy_policy</arg>
<doc>Click the element identified by ``locator``.</doc>
<status status="PASS" start="2024-12-10T11:07:02.667039" elapsed="0.055724"/>
</kw>
<kw name="Click Element" owner="SeleniumLibrary">
<msg time="2024-12-10T11:07:02.724119" level="INFO">Clicking element 'id=Use_terms'.</msg>
<arg>id=Use_terms</arg>
<doc>Click the element identified by ``locator``.</doc>
<status status="PASS" start="2024-12-10T11:07:02.722763" elapsed="0.044461"/>
</kw>
<kw name="Sleep" owner="BuiltIn">
<msg time="2024-12-10T11:07:05.767505" level="INFO">Slept 3 seconds.</msg>
<arg>3</arg>
<doc>Pauses the test executed for the given time.</doc>
<status status="PASS" start="2024-12-10T11:07:02.767224" elapsed="3.000281"/>
</kw>
<status status="PASS" start="2024-12-10T11:07:02.667039" elapsed="3.100466"/>
</kw>
<kw name="E clique no botão login">
<kw name="Click Button" owner="SeleniumLibrary">
<msg time="2024-12-10T11:07:05.768521" level="INFO">Clicking button 'id=login_button'.</msg>
<arg>id=login_button</arg>
<doc>Clicks the button identified by ``locator``.</doc>
<status status="PASS" start="2024-12-10T11:07:05.768521" elapsed="0.068806"/>
</kw>
<kw name="Sleep" owner="BuiltIn">
<msg time="2024-12-10T11:07:08.838510" level="INFO">Slept 3 seconds.</msg>
<arg>3</arg>
<doc>Pauses the test executed for the given time.</doc>
<status status="PASS" start="2024-12-10T11:07:05.838347" elapsed="3.000163"/>
</kw>
<status status="PASS" start="2024-12-10T11:07:05.768521" elapsed="3.069989"/>
</kw>
<status status="PASS" start="2024-12-10T11:06:53.537162" elapsed="15.301348"/>
</test>
<status status="PASS" start="2024-12-10T11:06:53.326902" elapsed="15.513613"/>
</suite>
<statistics>
<total>
<stat pass="1" fail="0" skip="0">All Tests</stat>
</total>
<tag>
</tag>
<suite>
<stat pass="1" fail="0" skip="0" id="s1" name="Login">Login</stat>
</suite>
</statistics>
<errors>
</errors>
</robot>
